<?xml version="1.0" encoding="UTF-8"?>
<!-- Generated by org.testng.reporters.JUnitReportReporter -->
<testsuite hostname="DESKTOP-NR588P5" failures="0" tests="2" name="qaclickacademy.Mavenjava.RESTAPITest" time="0.016" errors="0" timestamp="29 Jul 2021 21:27:05 GMT" skipped="0">
  <testcase classname="qaclickacademy.Mavenjava.RESTAPITest" name="deleteTwitter" time="0.015"/>
  <testcase classname="qaclickacademy.Mavenjava.RESTAPITest" name="posJira" time="0.001"/>
</testsuite> <!-- qaclickacademy.Mavenjava.RESTAPITest -->
